Arguments: 
  C:\Program Files\nodejs\node.exe C:\Program Files\nodejs\node_modules\yarn\bin\yarn.js add axios --force

PATH: 
  C:\Program Files (x86)\VMware\VMware Workstation\bin\;C:\Program Files (x86)\Common Files\Oracle\Java\javapath;C:\Program Files\Microsoft\jdk-11.0.17.8-hotspot\bin;C:\Program Files\Eclipse Adoptium\jdk-11.0.17.8-hotspot\bin;C:\Python310\Scripts\;C:\Python310\;C:\Python311\Scripts\;C:\Python311\;C:\Python39\Scripts\;C:\Python39\;C:\Program Files (x86)\Common Files\Intel\Shared Libraries\redist\intel64\compiler;C:\Program Files (x86)\NAT Service;C:\ProgramData\Oracle\Java\javapath;C:\Windows\system32;C:\Windows;C:\Windows\System32\Wbem;C:\Windows\System32\WindowsPowerShell\v1.0\;C:\Program Files (x86)\NVIDIA Corporation\PhysX\Common;C:\Program Files (x86)\QuickTime\QTSystem\;C:\Program Files\Microsoft SQL Server\Client SDK\ODBC\130\Tools\Binn\;C:\WINDOWS\system32;C:\WINDOWS;C:\WINDOWS\System32\Wbem;C:\WINDOWS\System32\WindowsPowerShell\v1.0\;C:\WINDOWS\System32\OpenSSH\;C:\Program Files\Microsoft VS Code\bin;C:\Program Files\NVIDIA Corporation\NVIDIA NvDLISR;C:\windows\system32;C:\windows;C:\windows\System32\Wbem;C:\windows\System32\WindowsPowerShell\v1.0\;C:\windows\System32\OpenSSH\;C:\Program Files\dotnet\;C:\Program Files\Microsoft SQL Server\Client SDK\ODBC\170\Tools\Binn\;E:\gradle-6.1-all\gradle-6.1\bin;C:\Program Files\Microsoft\jdk-11.0.17.8-hotspot\\bin;C:\ProgramData\chocolatey\bin;C:\Program Files\Git\cmd;C:\Program Files\MongoDB\Server\5.0\bin;C:\xampp\php;C:\ProgramData\ComposerSetup\bin;C:\Users\khj\AppData\Roaming\nvm;C:\Program Files\nodejs;C:\Users\khj\AppData\Local\Programs\Python\Python310\Scripts\;C:\Users\khj\AppData\Local\Programs\Python\Python310\;C:\Users\khj\scoop\shims;C:\Users\khj\AppData\Local\Microsoft\WindowsApps;C:\Program Files\Bandizip\;C:\Users\khj\AppData\Local\Programs\Microsoft VS Code\bin;C:\Program Files\JetBrains\PhpStorm 2020.1.2\bin;C:\Program Files\JetBrains\GoLand 2019.3.2\bin;C:\Program Files\JetBrains\PyCharm 2019.3.4\bin;C:\Program Files\JetBrains\WebStorm 2021.2.3\bin;C:\Users\khj\.dotnet\tools;C:\flutter\bin;C:\Users\khj\AppData\Roaming\Composer\vendor\bin;C:\Users\khj\AppData\Roaming\npm;D:\android\sdk\platform-tools

Yarn version: 
  1.22.19

Node version: 
  18.16.0

Platform: 
  win32 x64

Trace: 
  Error: EPERM: operation not permitted, unlink 'C:\users\khj\desktop\svelte-kit-jwt\node_modules\@esbuild\win32-x64\esbuild.exe'

npm manifest: 
  {
  	"name": "svelte-kit-jwt",
  	"version": "0.0.1",
  	"private": true,
  	"scripts": {
  		"dev": "vite dev",
  		"build": "vite build",
  		"preview": "vite preview",
  		"check": "svelte-kit sync && svelte-check --tsconfig ./jsconfig.json",
  		"check:watch": "svelte-kit sync && svelte-check --tsconfig ./jsconfig.json --watch"
  	},
  	"devDependencies": {
  		"@sveltejs/adapter-auto": "^1.0.0-next.90",
  		"@sveltejs/kit": "^1.0.0-next.587",
  		"svelte": "^3.54.0",
  		"svelte-check": "^2.9.2",
  		"typescript": "^4.9.3",
  		"vite": "^4.0.0"
  	},
  	"type": "module"
  }

yarn manifest: 
  No manifest

Lockfile: 
  No lockfile
